2025-08-11 15:11:10,508 INFO: Executing enhanced multi-strategy engine [in C:\xampp\htdocs\application\app\automation\trading_bot.py:218]
2025-08-11 15:11:11,411 INFO: Simulating paper fill for Order ID: 639 [in C:\xampp\htdocs\application\app\orders\manager.py:85]
2025-08-11 15:11:12,192 INFO: Paper Order 639 filled. Trade ID: 425 [in C:\xampp\htdocs\application\app\orders\manager.py:118]
2025-08-11 15:11:12,299 INFO: Paper Order 638 filled. Trade ID: 426 [in C:\xampp\htdocs\application\app\orders\manager.py:118]
2025-08-11 15:11:14,899 INFO: Simulating paper fill for Order ID: 640 [in C:\xampp\htdocs\application\app\orders\manager.py:85]
2025-08-11 15:11:14,936 INFO: Simulating paper fill for Order ID: 641 [in C:\xampp\htdocs\application\app\orders\manager.py:85]
2025-08-11 15:11:15,386 INFO: Paper Order 640 filled. Trade ID: 427 [in C:\xampp\htdocs\application\app\orders\manager.py:118]
2025-08-11 15:11:15,399 INFO: Paper Order 641 filled. Trade ID: 428 [in C:\xampp\htdocs\application\app\orders\manager.py:118]
2025-08-11 15:11:17,478 INFO: Portfolio Update - Realized P&L: Rs.0.00, Unrealized P&L: Rs.0.00, Win Rate: 0.0% [in C:\xampp\htdocs\application\app\automation\trading_bot.py:465]
2025-08-11 15:11:17,526 INFO: Updated bot status for user 2: running=True [in C:\xampp\htdocs\application\app\automation\trading_bot.py:648]
2025-08-11 15:11:17,542 INFO: Simulating paper fill for Order ID: 642 [in C:\xampp\htdocs\application\app\orders\manager.py:85]
2025-08-11 15:11:17,982 INFO: Paper Order 642 filled. Trade ID: 429 [in C:\xampp\htdocs\application\app\orders\manager.py:118]
2025-08-11 15:11:20,033 INFO: Portfolio Update - Realized P&L: Rs.0.00, Unrealized P&L: Rs.0.00, Win Rate: 0.0% [in C:\xampp\htdocs\application\app\automation\trading_bot.py:465]
2025-08-11 15:11:20,082 INFO: Updated bot status for user 2: running=True [in C:\xampp\htdocs\application\app\automation\trading_bot.py:648]
2025-08-11 15:11:58,166 INFO: Scheduler running for 0 active strategies. [in C:\xampp\htdocs\application\app\strategies\engine.py:128]
2025-08-11 15:12:01,569 INFO: Scheduler running for 0 active strategies. [in C:\xampp\htdocs\application\app\strategies\engine.py:128]
2025-08-11 15:13:17,531 INFO: Executing enhanced multi-strategy engine [in C:\xampp\htdocs\application\app\automation\trading_bot.py:218]
2025-08-11 15:13:17,615 INFO: Simulating paper fill for Order ID: 643 [in C:\xampp\htdocs\application\app\orders\manager.py:85]
2025-08-11 15:13:18,015 INFO: Paper Order 643 filled. Trade ID: 430 [in C:\xampp\htdocs\application\app\orders\manager.py:118]
2025-08-11 15:13:20,087 INFO: Executing enhanced multi-strategy engine [in C:\xampp\htdocs\application\app\automation\trading_bot.py:218]
2025-08-11 15:13:20,199 INFO: Simulating paper fill for Order ID: 644 [in C:\xampp\htdocs\application\app\orders\manager.py:85]
2025-08-11 15:13:20,225 INFO: Simulating paper fill for Order ID: 645 [in C:\xampp\htdocs\application\app\orders\manager.py:85]
2025-08-11 15:13:20,772 INFO: Paper Order 644 filled. Trade ID: 431 [in C:\xampp\htdocs\application\app\orders\manager.py:118]
2025-08-11 15:13:20,781 INFO: Paper Order 645 filled. Trade ID: 432 [in C:\xampp\htdocs\application\app\orders\manager.py:118]
2025-08-11 15:13:22,949 INFO: Simulating paper fill for Order ID: 646 [in C:\xampp\htdocs\application\app\orders\manager.py:85]
2025-08-11 15:13:23,002 INFO: Simulating paper fill for Order ID: 647 [in C:\xampp\htdocs\application\app\orders\manager.py:85]
2025-08-11 15:13:23,249 INFO: Paper Order 647 filled. Trade ID: 433 [in C:\xampp\htdocs\application\app\orders\manager.py:118]
2025-08-11 15:13:23,450 INFO: Paper Order 646 filled. Trade ID: 434 [in C:\xampp\htdocs\application\app\orders\manager.py:118]
2025-08-11 15:13:25,567 INFO: Portfolio Update - Realized P&L: Rs.0.00, Unrealized P&L: Rs.0.00, Win Rate: 0.0% [in C:\xampp\htdocs\application\app\automation\trading_bot.py:465]
2025-08-11 15:13:25,600 INFO: Updated bot status for user 2: running=True [in C:\xampp\htdocs\application\app\automation\trading_bot.py:648]
2025-08-11 15:13:25,682 INFO: Simulating paper fill for Order ID: 648 [in C:\xampp\htdocs\application\app\orders\manager.py:85]
2025-08-11 15:13:26,049 INFO: Paper Order 648 filled. Trade ID: 435 [in C:\xampp\htdocs\application\app\orders\manager.py:118]
2025-08-11 15:13:28,109 INFO: Portfolio Update - Realized P&L: Rs.0.00, Unrealized P&L: Rs.0.00, Win Rate: 0.0% [in C:\xampp\htdocs\application\app\automation\trading_bot.py:465]
2025-08-11 15:13:28,149 INFO: Updated bot status for user 2: running=True [in C:\xampp\htdocs\application\app\automation\trading_bot.py:648]
2025-08-11 15:15:25,608 INFO: Executing enhanced multi-strategy engine [in C:\xampp\htdocs\application\app\automation\trading_bot.py:218]
2025-08-11 15:15:26,223 INFO: Simulating paper fill for Order ID: 649 [in C:\xampp\htdocs\application\app\orders\manager.py:85]
2025-08-11 15:15:26,805 INFO: Paper Order 649 filled. Trade ID: 436 [in C:\xampp\htdocs\application\app\orders\manager.py:118]
2025-08-11 15:15:28,150 INFO: Executing enhanced multi-strategy engine [in C:\xampp\htdocs\application\app\automation\trading_bot.py:218]
2025-08-11 15:15:28,649 INFO: Simulating paper fill for Order ID: 650 [in C:\xampp\htdocs\application\app\orders\manager.py:85]
2025-08-11 15:15:29,388 INFO: Paper Order 650 filled. Trade ID: 437 [in C:\xampp\htdocs\application\app\orders\manager.py:118]
2025-08-11 15:15:29,637 INFO: Simulating paper fill for Order ID: 651 [in C:\xampp\htdocs\application\app\orders\manager.py:85]
2025-08-11 15:15:30,699 INFO: Paper Order 651 filled. Trade ID: 438 [in C:\xampp\htdocs\application\app\orders\manager.py:118]
2025-08-11 15:15:32,077 INFO: Simulating paper fill for Order ID: 652 [in C:\xampp\htdocs\application\app\orders\manager.py:85]
2025-08-11 15:15:32,949 INFO: Paper Order 652 filled. Trade ID: 439 [in C:\xampp\htdocs\application\app\orders\manager.py:118]
2025-08-11 15:15:33,131 INFO: Simulating paper fill for Order ID: 653 [in C:\xampp\htdocs\application\app\orders\manager.py:85]
2025-08-11 15:15:33,981 INFO: Paper Order 653 filled. Trade ID: 440 [in C:\xampp\htdocs\application\app\orders\manager.py:118]
2025-08-11 15:15:36,183 INFO: Simulating paper fill for Order ID: 654 [in C:\xampp\htdocs\application\app\orders\manager.py:85]
2025-08-11 15:15:36,239 INFO: Portfolio Update - Realized P&L: Rs.0.00, Unrealized P&L: Rs.0.00, Win Rate: 0.0% [in C:\xampp\htdocs\application\app\automation\trading_bot.py:465]
2025-08-11 15:15:36,415 INFO: Updated bot status for user 2: running=True [in C:\xampp\htdocs\application\app\automation\trading_bot.py:648]
2025-08-11 15:15:36,765 INFO: Paper Order 654 filled. Trade ID: 441 [in C:\xampp\htdocs\application\app\orders\manager.py:118]
2025-08-11 15:15:39,319 INFO: Portfolio Update - Realized P&L: Rs.0.00, Unrealized P&L: Rs.0.00, Win Rate: 0.0% [in C:\xampp\htdocs\application\app\automation\trading_bot.py:465]
2025-08-11 15:15:39,905 INFO: Updated bot status for user 2: running=True [in C:\xampp\htdocs\application\app\automation\trading_bot.py:648]
2025-08-11 15:16:58,181 INFO: Scheduler running for 0 active strategies. [in C:\xampp\htdocs\application\app\strategies\engine.py:128]
2025-08-11 15:17:01,570 INFO: Scheduler running for 0 active strategies. [in C:\xampp\htdocs\application\app\strategies\engine.py:128]
2025-08-11 15:17:36,521 INFO: Executing enhanced multi-strategy engine [in C:\xampp\htdocs\application\app\automation\trading_bot.py:218]
2025-08-11 15:17:36,629 INFO: Simulating paper fill for Order ID: 655 [in C:\xampp\htdocs\application\app\orders\manager.py:85]
2025-08-11 15:17:37,036 INFO: Paper Order 655 filled. Trade ID: 442 [in C:\xampp\htdocs\application\app\orders\manager.py:118]
2025-08-11 15:17:39,287 INFO: Simulating paper fill for Order ID: 656 [in C:\xampp\htdocs\application\app\orders\manager.py:85]
2025-08-11 15:17:39,549 INFO: Paper Order 656 filled. Trade ID: 443 [in C:\xampp\htdocs\application\app\orders\manager.py:118]
2025-08-11 15:17:40,129 INFO: Executing enhanced multi-strategy engine [in C:\xampp\htdocs\application\app\automation\trading_bot.py:218]
2025-08-11 15:17:40,249 INFO: Simulating paper fill for Order ID: 657 [in C:\xampp\htdocs\application\app\orders\manager.py:85]
2025-08-11 15:17:40,716 INFO: Paper Order 657 filled. Trade ID: 444 [in C:\xampp\htdocs\application\app\orders\manager.py:118]
2025-08-11 15:17:41,779 INFO: Simulating paper fill for Order ID: 658 [in C:\xampp\htdocs\application\app\orders\manager.py:85]
2025-08-11 15:17:42,216 INFO: Paper Order 658 filled. Trade ID: 445 [in C:\xampp\htdocs\application\app\orders\manager.py:118]
2025-08-11 15:17:42,861 INFO: Simulating paper fill for Order ID: 659 [in C:\xampp\htdocs\application\app\orders\manager.py:85]
2025-08-11 15:17:43,115 INFO: Paper Order 659 filled. Trade ID: 446 [in C:\xampp\htdocs\application\app\orders\manager.py:118]
2025-08-11 15:17:44,295 INFO: Portfolio Update - Realized P&L: Rs.0.00, Unrealized P&L: Rs.0.00, Win Rate: 0.0% [in C:\xampp\htdocs\application\app\automation\trading_bot.py:465]
2025-08-11 15:17:44,346 INFO: Updated bot status for user 2: running=True [in C:\xampp\htdocs\application\app\automation\trading_bot.py:648]
2025-08-11 15:17:45,279 INFO: Simulating paper fill for Order ID: 660 [in C:\xampp\htdocs\application\app\orders\manager.py:85]
2025-08-11 15:17:45,699 INFO: Paper Order 660 filled. Trade ID: 447 [in C:\xampp\htdocs\application\app\orders\manager.py:118]
2025-08-11 15:17:47,803 INFO: Portfolio Update - Realized P&L: Rs.0.00, Unrealized P&L: Rs.0.00, Win Rate: 0.0% [in C:\xampp\htdocs\application\app\automation\trading_bot.py:465]
2025-08-11 15:17:47,949 INFO: Updated bot status for user 2: running=True [in C:\xampp\htdocs\application\app\automation\trading_bot.py:648]
2025-08-11 15:19:44,349 INFO: Executing enhanced multi-strategy engine [in C:\xampp\htdocs\application\app\automation\trading_bot.py:218]
2025-08-11 15:19:44,531 INFO: Simulating paper fill for Order ID: 661 [in C:\xampp\htdocs\application\app\orders\manager.py:85]
2025-08-11 15:19:45,186 INFO: Paper Order 661 filled. Trade ID: 448 [in C:\xampp\htdocs\application\app\orders\manager.py:118]
2025-08-11 15:19:47,380 INFO: Simulating paper fill for Order ID: 662 [in C:\xampp\htdocs\application\app\orders\manager.py:85]
2025-08-11 15:19:47,850 INFO: Paper Order 662 filled. Trade ID: 449 [in C:\xampp\htdocs\application\app\orders\manager.py:118]
2025-08-11 15:19:47,961 INFO: Executing enhanced multi-strategy engine [in C:\xampp\htdocs\application\app\automation\trading_bot.py:218]
2025-08-11 15:19:48,100 INFO: Simulating paper fill for Order ID: 663 [in C:\xampp\htdocs\application\app\orders\manager.py:85]
2025-08-11 15:19:48,640 INFO: Paper Order 663 filled. Trade ID: 450 [in C:\xampp\htdocs\application\app\orders\manager.py:118]
2025-08-11 15:19:50,018 INFO: Simulating paper fill for Order ID: 664 [in C:\xampp\htdocs\application\app\orders\manager.py:85]
2025-08-11 15:19:50,499 INFO: Paper Order 664 filled. Trade ID: 451 [in C:\xampp\htdocs\application\app\orders\manager.py:118]
2025-08-11 15:19:50,766 INFO: Simulating paper fill for Order ID: 665 [in C:\xampp\htdocs\application\app\orders\manager.py:85]
2025-08-11 15:19:51,281 INFO: Paper Order 665 filled. Trade ID: 452 [in C:\xampp\htdocs\application\app\orders\manager.py:118]
2025-08-11 15:19:52,549 INFO: Portfolio Update - Realized P&L: Rs.0.00, Unrealized P&L: Rs.0.00, Win Rate: 0.0% [in C:\xampp\htdocs\application\app\automation\trading_bot.py:465]
2025-08-11 15:19:52,618 INFO: Updated bot status for user 2: running=True [in C:\xampp\htdocs\application\app\automation\trading_bot.py:648]
2025-08-11 15:19:53,469 INFO: Simulating paper fill for Order ID: 666 [in C:\xampp\htdocs\application\app\orders\manager.py:85]
2025-08-11 15:19:53,982 INFO: Paper Order 666 filled. Trade ID: 453 [in C:\xampp\htdocs\application\app\orders\manager.py:118]
2025-08-11 15:19:56,053 INFO: Portfolio Update - Realized P&L: Rs.0.00, Unrealized P&L: Rs.0.00, Win Rate: 0.0% [in C:\xampp\htdocs\application\app\automation\trading_bot.py:465]
2025-08-11 15:19:56,253 INFO: Updated bot status for user 2: running=True [in C:\xampp\htdocs\application\app\automation\trading_bot.py:648]
2025-08-11 15:21:52,620 INFO: Executing enhanced multi-strategy engine [in C:\xampp\htdocs\application\app\automation\trading_bot.py:218]
2025-08-11 15:21:52,825 INFO: Simulating paper fill for Order ID: 667 [in C:\xampp\htdocs\application\app\orders\manager.py:85]
2025-08-11 15:21:53,249 INFO: Paper Order 667 filled. Trade ID: 454 [in C:\xampp\htdocs\application\app\orders\manager.py:118]
2025-08-11 15:21:55,565 INFO: Simulating paper fill for Order ID: 668 [in C:\xampp\htdocs\application\app\orders\manager.py:85]
2025-08-11 15:21:55,915 INFO: Paper Order 668 filled. Trade ID: 455 [in C:\xampp\htdocs\application\app\orders\manager.py:118]
2025-08-11 15:21:56,275 INFO: Executing enhanced multi-strategy engine [in C:\xampp\htdocs\application\app\automation\trading_bot.py:218]
2025-08-11 15:21:56,449 INFO: Simulating paper fill for Order ID: 669 [in C:\xampp\htdocs\application\app\orders\manager.py:85]
2025-08-11 15:21:56,950 INFO: Paper Order 669 filled. Trade ID: 456 [in C:\xampp\htdocs\application\app\orders\manager.py:118]
2025-08-11 15:21:58,149 INFO: Scheduler running for 0 active strategies. [in C:\xampp\htdocs\application\app\strategies\engine.py:128]
2025-08-11 15:21:58,149 INFO: Simulating paper fill for Order ID: 670 [in C:\xampp\htdocs\application\app\orders\manager.py:85]
2025-08-11 15:21:58,549 INFO: Paper Order 670 filled. Trade ID: 457 [in C:\xampp\htdocs\application\app\orders\manager.py:118]
2025-08-11 15:21:59,158 INFO: Simulating paper fill for Order ID: 671 [in C:\xampp\htdocs\application\app\orders\manager.py:85]
2025-08-11 15:21:59,432 INFO: Paper Order 671 filled. Trade ID: 458 [in C:\xampp\htdocs\application\app\orders\manager.py:118]
2025-08-11 15:22:00,648 INFO: Portfolio Update - Realized P&L: Rs.0.00, Unrealized P&L: Rs.0.00, Win Rate: 0.0% [in C:\xampp\htdocs\application\app\automation\trading_bot.py:465]
2025-08-11 15:22:00,779 INFO: Updated bot status for user 2: running=True [in C:\xampp\htdocs\application\app\automation\trading_bot.py:648]
2025-08-11 15:22:01,559 INFO: Scheduler running for 0 active strategies. [in C:\xampp\htdocs\application\app\strategies\engine.py:128]
2025-08-11 15:22:01,676 INFO: Simulating paper fill for Order ID: 672 [in C:\xampp\htdocs\application\app\orders\manager.py:85]
2025-08-11 15:22:02,081 INFO: Paper Order 672 filled. Trade ID: 459 [in C:\xampp\htdocs\application\app\orders\manager.py:118]
2025-08-11 15:22:04,147 INFO: Portfolio Update - Realized P&L: Rs.0.00, Unrealized P&L: Rs.0.00, Win Rate: 0.0% [in C:\xampp\htdocs\application\app\automation\trading_bot.py:465]
2025-08-11 15:22:04,241 INFO: Updated bot status for user 2: running=True [in C:\xampp\htdocs\application\app\automation\trading_bot.py:648]
2025-08-11 15:24:00,781 INFO: Executing enhanced multi-strategy engine [in C:\xampp\htdocs\application\app\automation\trading_bot.py:218]
2025-08-11 15:24:01,615 INFO: Simulating paper fill for Order ID: 673 [in C:\xampp\htdocs\application\app\orders\manager.py:85]
2025-08-11 15:24:03,281 INFO: Paper Order 673 filled. Trade ID: 460 [in C:\xampp\htdocs\application\app\orders\manager.py:118]
2025-08-11 15:24:04,245 INFO: Executing enhanced multi-strategy engine [in C:\xampp\htdocs\application\app\automation\trading_bot.py:218]
2025-08-11 15:24:05,566 INFO: Simulating paper fill for Order ID: 674 [in C:\xampp\htdocs\application\app\orders\manager.py:85]
2025-08-11 15:24:05,899 INFO: Simulating paper fill for Order ID: 675 [in C:\xampp\htdocs\application\app\orders\manager.py:85]
2025-08-11 15:24:06,383 INFO: Paper Order 674 filled. Trade ID: 461 [in C:\xampp\htdocs\application\app\orders\manager.py:118]
2025-08-11 15:24:06,588 INFO: Paper Order 675 filled. Trade ID: 462 [in C:\xampp\htdocs\application\app\orders\manager.py:118]
2025-08-11 15:24:08,881 INFO: Simulating paper fill for Order ID: 676 [in C:\xampp\htdocs\application\app\orders\manager.py:85]
2025-08-11 15:24:09,198 INFO: Simulating paper fill for Order ID: 677 [in C:\xampp\htdocs\application\app\orders\manager.py:85]
2025-08-11 15:24:09,440 INFO: Paper Order 676 filled. Trade ID: 463 [in C:\xampp\htdocs\application\app\orders\manager.py:118]
2025-08-11 15:24:10,051 INFO: Paper Order 677 filled. Trade ID: 464 [in C:\xampp\htdocs\application\app\orders\manager.py:118]
2025-08-11 15:24:11,815 INFO: Simulating paper fill for Order ID: 678 [in C:\xampp\htdocs\application\app\orders\manager.py:85]
2025-08-11 15:24:12,982 INFO: Paper Order 678 filled. Trade ID: 465 [in C:\xampp\htdocs\application\app\orders\manager.py:118]
2025-08-11 15:24:12,898 INFO: Portfolio Update - Realized P&L: Rs.0.00, Unrealized P&L: Rs.0.00, Win Rate: 0.0% [in C:\xampp\htdocs\application\app\automation\trading_bot.py:465]
2025-08-11 15:24:13,249 INFO: Updated bot status for user 2: running=True [in C:\xampp\htdocs\application\app\automation\trading_bot.py:648]
2025-08-11 15:24:15,211 INFO: Portfolio Update - Realized P&L: Rs.0.00, Unrealized P&L: Rs.0.00, Win Rate: 0.0% [in C:\xampp\htdocs\application\app\automation\trading_bot.py:465]
2025-08-11 15:24:15,616 INFO: Updated bot status for user 2: running=True [in C:\xampp\htdocs\application\app\automation\trading_bot.py:648]
2025-08-11 15:26:13,710 INFO: Executing enhanced multi-strategy engine [in C:\xampp\htdocs\application\app\automation\trading_bot.py:218]
2025-08-11 15:26:14,131 INFO: Simulating paper fill for Order ID: 679 [in C:\xampp\htdocs\application\app\orders\manager.py:85]
2025-08-11 15:26:15,099 INFO: Paper Order 679 filled. Trade ID: 466 [in C:\xampp\htdocs\application\app\orders\manager.py:118]
2025-08-11 15:26:15,661 INFO: Executing enhanced multi-strategy engine [in C:\xampp\htdocs\application\app\automation\trading_bot.py:218]
2025-08-11 15:26:18,167 INFO: Simulating paper fill for Order ID: 680 [in C:\xampp\htdocs\application\app\orders\manager.py:85]
2025-08-11 15:26:18,386 INFO: Simulating paper fill for Order ID: 681 [in C:\xampp\htdocs\application\app\orders\manager.py:85]
2025-08-11 15:26:19,205 INFO: Paper Order 680 filled. Trade ID: 467 [in C:\xampp\htdocs\application\app\orders\manager.py:118]
2025-08-11 15:26:19,618 INFO: Paper Order 681 filled. Trade ID: 468 [in C:\xampp\htdocs\application\app\orders\manager.py:118]
2025-08-11 15:26:22,449 INFO: Simulating paper fill for Order ID: 682 [in C:\xampp\htdocs\application\app\orders\manager.py:85]
2025-08-11 15:26:22,680 INFO: Simulating paper fill for Order ID: 683 [in C:\xampp\htdocs\application\app\orders\manager.py:85]
2025-08-11 15:26:22,899 INFO: Paper Order 682 filled. Trade ID: 469 [in C:\xampp\htdocs\application\app\orders\manager.py:118]
2025-08-11 15:26:25,765 INFO: Paper Order 683 filled. Trade ID: 470 [in C:\xampp\htdocs\application\app\orders\manager.py:118]
2025-08-11 15:26:26,572 INFO: Simulating paper fill for Order ID: 684 [in C:\xampp\htdocs\application\app\orders\manager.py:85]
2025-08-11 15:26:27,299 INFO: Paper Order 684 filled. Trade ID: 471 [in C:\xampp\htdocs\application\app\orders\manager.py:118]
2025-08-11 15:26:28,388 INFO: Portfolio Update - Realized P&L: Rs.0.00, Unrealized P&L: Rs.0.00, Win Rate: 0.0% [in C:\xampp\htdocs\application\app\automation\trading_bot.py:465]
2025-08-11 15:26:29,105 INFO: Updated bot status for user 2: running=True [in C:\xampp\htdocs\application\app\automation\trading_bot.py:648]
2025-08-11 15:26:29,598 INFO: Portfolio Update - Realized P&L: Rs.0.00, Unrealized P&L: Rs.0.00, Win Rate: 0.0% [in C:\xampp\htdocs\application\app\automation\trading_bot.py:465]
2025-08-11 15:26:30,605 INFO: Updated bot status for user 2: running=True [in C:\xampp\htdocs\application\app\automation\trading_bot.py:648]
2025-08-11 15:26:58,249 INFO: Scheduler running for 0 active strategies. [in C:\xampp\htdocs\application\app\strategies\engine.py:128]
2025-08-11 15:27:01,565 INFO: Scheduler running for 0 active strategies. [in C:\xampp\htdocs\application\app\strategies\engine.py:128]
2025-08-11 15:28:29,230 INFO: Executing enhanced multi-strategy engine [in C:\xampp\htdocs\application\app\automation\trading_bot.py:218]
2025-08-11 15:28:30,128 INFO: Simulating paper fill for Order ID: 685 [in C:\xampp\htdocs\application\app\orders\manager.py:85]
2025-08-11 15:28:30,640 INFO: Executing enhanced multi-strategy engine [in C:\xampp\htdocs\application\app\automation\trading_bot.py:218]
2025-08-11 15:28:31,099 INFO: Paper Order 685 filled. Trade ID: 472 [in C:\xampp\htdocs\application\app\orders\manager.py:118]
2025-08-11 15:28:31,178 INFO: Simulating paper fill for Order ID: 686 [in C:\xampp\htdocs\application\app\orders\manager.py:85]
2025-08-11 15:28:32,149 INFO: Paper Order 686 filled. Trade ID: 473 [in C:\xampp\htdocs\application\app\orders\manager.py:118]
2025-08-11 15:28:33,949 INFO: Simulating paper fill for Order ID: 687 [in C:\xampp\htdocs\application\app\orders\manager.py:85]
2025-08-11 15:28:34,578 INFO: Paper Order 687 filled. Trade ID: 474 [in C:\xampp\htdocs\application\app\orders\manager.py:118]
2025-08-11 15:28:35,449 INFO: Simulating paper fill for Order ID: 688 [in C:\xampp\htdocs\application\app\orders\manager.py:85]
2025-08-11 15:28:36,713 INFO: Paper Order 688 filled. Trade ID: 475 [in C:\xampp\htdocs\application\app\orders\manager.py:118]
2025-08-11 15:28:37,328 INFO: Simulating paper fill for Order ID: 689 [in C:\xampp\htdocs\application\app\orders\manager.py:85]
2025-08-11 15:28:38,063 INFO: Paper Order 689 filled. Trade ID: 476 [in C:\xampp\htdocs\application\app\orders\manager.py:118]
2025-08-11 15:28:39,631 INFO: Simulating paper fill for Order ID: 690 [in C:\xampp\htdocs\application\app\orders\manager.py:85]
2025-08-11 15:28:40,477 INFO: Portfolio Update - Realized P&L: Rs.0.00, Unrealized P&L: Rs.0.00, Win Rate: 0.0% [in C:\xampp\htdocs\application\app\automation\trading_bot.py:465]
2025-08-11 15:28:40,563 INFO: Paper Order 690 filled. Trade ID: 477 [in C:\xampp\htdocs\application\app\orders\manager.py:118]
2025-08-11 15:28:40,661 INFO: Updated bot status for user 2: running=True [in C:\xampp\htdocs\application\app\automation\trading_bot.py:648]
2025-08-11 15:28:42,780 INFO: Portfolio Update - Realized P&L: Rs.0.00, Unrealized P&L: Rs.0.00, Win Rate: 0.0% [in C:\xampp\htdocs\application\app\automation\trading_bot.py:465]
2025-08-11 15:28:43,065 INFO: Updated bot status for user 2: running=True [in C:\xampp\htdocs\application\app\automation\trading_bot.py:648]
2025-08-11 15:30:40,712 INFO: Executing enhanced multi-strategy engine [in C:\xampp\htdocs\application\app\automation\trading_bot.py:218]
2025-08-11 15:30:40,785 INFO: Simulating paper fill for Order ID: 691 [in C:\xampp\htdocs\application\app\orders\manager.py:85]
2025-08-11 15:30:41,174 INFO: Paper Order 691 filled. Trade ID: 478 [in C:\xampp\htdocs\application\app\orders\manager.py:118]
2025-08-11 15:30:43,168 INFO: Executing enhanced multi-strategy engine [in C:\xampp\htdocs\application\app\automation\trading_bot.py:218]
2025-08-11 15:30:43,285 INFO: Simulating paper fill for Order ID: 692 [in C:\xampp\htdocs\application\app\orders\manager.py:85]
2025-08-11 15:30:43,305 INFO: Simulating paper fill for Order ID: 693 [in C:\xampp\htdocs\application\app\orders\manager.py:85]
2025-08-11 15:30:43,549 INFO: Paper Order 693 filled. Trade ID: 479 [in C:\xampp\htdocs\application\app\orders\manager.py:118]
2025-08-11 15:30:43,665 INFO: Paper Order 692 filled. Trade ID: 480 [in C:\xampp\htdocs\application\app\orders\manager.py:118]
2025-08-11 15:30:45,669 INFO: Simulating paper fill for Order ID: 694 [in C:\xampp\htdocs\application\app\orders\manager.py:85]
2025-08-11 15:30:45,802 INFO: Simulating paper fill for Order ID: 695 [in C:\xampp\htdocs\application\app\orders\manager.py:85]
2025-08-11 15:30:46,056 INFO: Paper Order 695 filled. Trade ID: 481 [in C:\xampp\htdocs\application\app\orders\manager.py:118]
2025-08-11 15:30:46,094 INFO: Paper Order 694 filled. Trade ID: 482 [in C:\xampp\htdocs\application\app\orders\manager.py:118]
2025-08-11 15:30:48,200 INFO: Simulating paper fill for Order ID: 696 [in C:\xampp\htdocs\application\app\orders\manager.py:85]
2025-08-11 15:30:48,238 INFO: Portfolio Update - Realized P&L: Rs.0.00, Unrealized P&L: Rs.0.00, Win Rate: 0.0% [in C:\xampp\htdocs\application\app\automation\trading_bot.py:465]
2025-08-11 15:30:48,272 INFO: Updated bot status for user 2: running=True [in C:\xampp\htdocs\application\app\automation\trading_bot.py:648]
2025-08-11 15:30:48,615 INFO: Paper Order 696 filled. Trade ID: 483 [in C:\xampp\htdocs\application\app\orders\manager.py:118]
2025-08-11 15:30:50,679 INFO: Portfolio Update - Realized P&L: Rs.0.00, Unrealized P&L: Rs.0.00, Win Rate: 0.0% [in C:\xampp\htdocs\application\app\automation\trading_bot.py:465]
2025-08-11 15:30:50,723 INFO: Updated bot status for user 2: running=True [in C:\xampp\htdocs\application\app\automation\trading_bot.py:648]
2025-08-11 15:31:58,165 INFO: Scheduler running for 0 active strategies. [in C:\xampp\htdocs\application\app\strategies\engine.py:128]
2025-08-11 15:32:01,567 INFO: Scheduler running for 0 active strategies. [in C:\xampp\htdocs\application\app\strategies\engine.py:128]
2025-08-11 15:32:48,279 INFO: Executing enhanced multi-strategy engine [in C:\xampp\htdocs\application\app\automation\trading_bot.py:218]
2025-08-11 15:32:48,649 INFO: Simulating paper fill for Order ID: 697 [in C:\xampp\htdocs\application\app\orders\manager.py:85]
2025-08-11 15:32:49,376 INFO: Paper Order 697 filled. Trade ID: 484 [in C:\xampp\htdocs\application\app\orders\manager.py:118]
2025-08-11 15:32:50,729 INFO: Executing enhanced multi-strategy engine [in C:\xampp\htdocs\application\app\automation\trading_bot.py:218]
2025-08-11 15:32:50,809 INFO: Simulating paper fill for Order ID: 698 [in C:\xampp\htdocs\application\app\orders\manager.py:85]
2025-08-11 15:32:51,320 INFO: Paper Order 698 filled. Trade ID: 485 [in C:\xampp\htdocs\application\app\orders\manager.py:118]
2025-08-11 15:32:51,603 INFO: Simulating paper fill for Order ID: 699 [in C:\xampp\htdocs\application\app\orders\manager.py:85]
2025-08-11 15:32:52,086 INFO: Paper Order 699 filled. Trade ID: 486 [in C:\xampp\htdocs\application\app\orders\manager.py:118]
2025-08-11 15:32:53,866 INFO: Simulating paper fill for Order ID: 700 [in C:\xampp\htdocs\application\app\orders\manager.py:85]
2025-08-11 15:32:54,216 INFO: Simulating paper fill for Order ID: 701 [in C:\xampp\htdocs\application\app\orders\manager.py:85]
2025-08-11 15:32:54,349 INFO: Paper Order 700 filled. Trade ID: 487 [in C:\xampp\htdocs\application\app\orders\manager.py:118]
2025-08-11 15:32:54,660 INFO: Paper Order 701 filled. Trade ID: 488 [in C:\xampp\htdocs\application\app\orders\manager.py:118]
2025-08-11 15:32:56,499 INFO: Simulating paper fill for Order ID: 702 [in C:\xampp\htdocs\application\app\orders\manager.py:85]
2025-08-11 15:32:56,718 INFO: Portfolio Update - Realized P&L: Rs.0.00, Unrealized P&L: Rs.0.00, Win Rate: 0.0% [in C:\xampp\htdocs\application\app\automation\trading_bot.py:465]
2025-08-11 15:32:56,759 INFO: Updated bot status for user 2: running=True [in C:\xampp\htdocs\application\app\automation\trading_bot.py:648]
2025-08-11 15:32:56,949 INFO: Paper Order 702 filled. Trade ID: 489 [in C:\xampp\htdocs\application\app\orders\manager.py:118]
2025-08-11 15:32:59,000 INFO: Portfolio Update - Realized P&L: Rs.0.00, Unrealized P&L: Rs.0.00, Win Rate: 0.0% [in C:\xampp\htdocs\application\app\automation\trading_bot.py:465]
2025-08-11 15:32:59,042 INFO: Updated bot status for user 2: running=True [in C:\xampp\htdocs\application\app\automation\trading_bot.py:648]
2025-08-11 15:34:56,764 INFO: Executing enhanced multi-strategy engine [in C:\xampp\htdocs\application\app\automation\trading_bot.py:218]
2025-08-11 15:34:56,866 INFO: Simulating paper fill for Order ID: 703 [in C:\xampp\htdocs\application\app\orders\manager.py:85]
2025-08-11 15:34:57,265 INFO: Paper Order 703 filled. Trade ID: 490 [in C:\xampp\htdocs\application\app\orders\manager.py:118]
2025-08-11 15:34:59,045 INFO: Executing enhanced multi-strategy engine [in C:\xampp\htdocs\application\app\automation\trading_bot.py:218]
2025-08-11 15:34:59,150 INFO: Simulating paper fill for Order ID: 704 [in C:\xampp\htdocs\application\app\orders\manager.py:85]
2025-08-11 15:34:59,418 INFO: Simulating paper fill for Order ID: 705 [in C:\xampp\htdocs\application\app\orders\manager.py:85]
2025-08-11 15:34:59,549 INFO: Paper Order 704 filled. Trade ID: 491 [in C:\xampp\htdocs\application\app\orders\manager.py:118]
2025-08-11 15:34:59,671 INFO: Paper Order 705 filled. Trade ID: 492 [in C:\xampp\htdocs\application\app\orders\manager.py:118]
2025-08-11 15:35:01,699 INFO: Simulating paper fill for Order ID: 706 [in C:\xampp\htdocs\application\app\orders\manager.py:85]
2025-08-11 15:35:01,820 INFO: Simulating paper fill for Order ID: 707 [in C:\xampp\htdocs\application\app\orders\manager.py:85]
2025-08-11 15:35:01,949 INFO: Paper Order 706 filled. Trade ID: 493 [in C:\xampp\htdocs\application\app\orders\manager.py:118]
2025-08-11 15:35:02,199 INFO: Paper Order 707 filled. Trade ID: 494 [in C:\xampp\htdocs\application\app\orders\manager.py:118]
2025-08-11 15:35:04,149 INFO: Simulating paper fill for Order ID: 708 [in C:\xampp\htdocs\application\app\orders\manager.py:85]
2025-08-11 15:35:04,258 INFO: Portfolio Update - Realized P&L: Rs.0.00, Unrealized P&L: Rs.0.00, Win Rate: 0.0% [in C:\xampp\htdocs\application\app\automation\trading_bot.py:465]
2025-08-11 15:35:04,297 INFO: Updated bot status for user 2: running=True [in C:\xampp\htdocs\application\app\automation\trading_bot.py:648]
2025-08-11 15:35:04,536 INFO: Paper Order 708 filled. Trade ID: 495 [in C:\xampp\htdocs\application\app\orders\manager.py:118]
2025-08-11 15:35:06,593 INFO: Portfolio Update - Realized P&L: Rs.0.00, Unrealized P&L: Rs.0.00, Win Rate: 0.0% [in C:\xampp\htdocs\application\app\automation\trading_bot.py:465]
2025-08-11 15:35:06,631 INFO: Updated bot status for user 2: running=True [in C:\xampp\htdocs\application\app\automation\trading_bot.py:648]
2025-08-11 15:36:58,181 INFO: Scheduler running for 0 active strategies. [in C:\xampp\htdocs\application\app\strategies\engine.py:128]
2025-08-11 15:37:01,565 INFO: Scheduler running for 0 active strategies. [in C:\xampp\htdocs\application\app\strategies\engine.py:128]
2025-08-11 15:37:04,299 INFO: Executing enhanced multi-strategy engine [in C:\xampp\htdocs\application\app\automation\trading_bot.py:218]
2025-08-11 15:37:04,406 INFO: Simulating paper fill for Order ID: 709 [in C:\xampp\htdocs\application\app\orders\manager.py:85]
2025-08-11 15:37:04,955 INFO: Paper Order 709 filled. Trade ID: 496 [in C:\xampp\htdocs\application\app\orders\manager.py:118]
2025-08-11 15:37:06,637 INFO: Executing enhanced multi-strategy engine [in C:\xampp\htdocs\application\app\automation\trading_bot.py:218]
2025-08-11 15:37:06,866 INFO: Simulating paper fill for Order ID: 710 [in C:\xampp\htdocs\application\app\orders\manager.py:85]
2025-08-11 15:37:07,116 INFO: Simulating paper fill for Order ID: 711 [in C:\xampp\htdocs\application\app\orders\manager.py:85]
2025-08-11 15:37:07,365 INFO: Paper Order 710 filled. Trade ID: 497 [in C:\xampp\htdocs\application\app\orders\manager.py:118]
2025-08-11 15:37:07,597 INFO: Paper Order 711 filled. Trade ID: 498 [in C:\xampp\htdocs\application\app\orders\manager.py:118]
2025-08-11 15:37:09,493 INFO: Simulating paper fill for Order ID: 712 [in C:\xampp\htdocs\application\app\orders\manager.py:85]
2025-08-11 15:37:09,709 INFO: Simulating paper fill for Order ID: 713 [in C:\xampp\htdocs\application\app\orders\manager.py:85]
2025-08-11 15:37:10,018 INFO: Paper Order 712 filled. Trade ID: 499 [in C:\xampp\htdocs\application\app\orders\manager.py:118]
2025-08-11 15:37:10,173 INFO: Paper Order 713 filled. Trade ID: 500 [in C:\xampp\htdocs\application\app\orders\manager.py:118]
2025-08-11 15:37:12,231 INFO: Simulating paper fill for Order ID: 714 [in C:\xampp\htdocs\application\app\orders\manager.py:85]
2025-08-11 15:37:12,299 INFO: Portfolio Update - Realized P&L: Rs.0.00, Unrealized P&L: Rs.0.00, Win Rate: 0.0% [in C:\xampp\htdocs\application\app\automation\trading_bot.py:465]
2025-08-11 15:37:12,337 INFO: Updated bot status for user 2: running=True [in C:\xampp\htdocs\application\app\automation\trading_bot.py:648]
2025-08-11 15:37:12,673 INFO: Paper Order 714 filled. Trade ID: 501 [in C:\xampp\htdocs\application\app\orders\manager.py:118]
2025-08-11 15:37:14,731 INFO: Portfolio Update - Realized P&L: Rs.0.00, Unrealized P&L: Rs.0.00, Win Rate: 0.0% [in C:\xampp\htdocs\application\app\automation\trading_bot.py:465]
2025-08-11 15:37:14,789 INFO: Updated bot status for user 2: running=True [in C:\xampp\htdocs\application\app\automation\trading_bot.py:648]
2025-08-11 15:39:12,348 INFO: Executing enhanced multi-strategy engine [in C:\xampp\htdocs\application\app\automation\trading_bot.py:218]
2025-08-11 15:39:12,772 INFO: Simulating paper fill for Order ID: 715 [in C:\xampp\htdocs\application\app\orders\manager.py:85]
2025-08-11 15:39:13,377 INFO: Paper Order 715 filled. Trade ID: 502 [in C:\xampp\htdocs\application\app\orders\manager.py:118]
2025-08-11 15:39:14,795 INFO: Executing enhanced multi-strategy engine [in C:\xampp\htdocs\application\app\automation\trading_bot.py:218]
2025-08-11 15:39:14,970 INFO: Simulating paper fill for Order ID: 716 [in C:\xampp\htdocs\application\app\orders\manager.py:85]
2025-08-11 15:39:15,336 INFO: Paper Order 716 filled. Trade ID: 503 [in C:\xampp\htdocs\application\app\orders\manager.py:118]
2025-08-11 15:39:15,581 INFO: Simulating paper fill for Order ID: 717 [in C:\xampp\htdocs\application\app\orders\manager.py:85]
2025-08-11 15:39:15,815 INFO: Paper Order 717 filled. Trade ID: 504 [in C:\xampp\htdocs\application\app\orders\manager.py:118]
2025-08-11 15:39:17,400 INFO: Simulating paper fill for Order ID: 718 [in C:\xampp\htdocs\application\app\orders\manager.py:85]
2025-08-11 15:39:17,640 INFO: Paper Order 718 filled. Trade ID: 505 [in C:\xampp\htdocs\application\app\orders\manager.py:118]
2025-08-11 15:39:17,881 INFO: Simulating paper fill for Order ID: 719 [in C:\xampp\htdocs\application\app\orders\manager.py:85]
2025-08-11 15:39:18,334 INFO: Paper Order 719 filled. Trade ID: 506 [in C:\xampp\htdocs\application\app\orders\manager.py:118]
2025-08-11 15:39:19,746 INFO: Simulating paper fill for Order ID: 720 [in C:\xampp\htdocs\application\app\orders\manager.py:85]
2025-08-11 15:39:20,099 INFO: Paper Order 720 filled. Trade ID: 507 [in C:\xampp\htdocs\application\app\orders\manager.py:118]
2025-08-11 15:39:20,543 INFO: Portfolio Update - Realized P&L: Rs.0.00, Unrealized P&L: Rs.0.00, Win Rate: 0.0% [in C:\xampp\htdocs\application\app\automation\trading_bot.py:465]
2025-08-11 15:39:20,649 INFO: Updated bot status for user 2: running=True [in C:\xampp\htdocs\application\app\automation\trading_bot.py:648]
2025-08-11 15:39:22,140 INFO: Portfolio Update - Realized P&L: Rs.0.00, Unrealized P&L: Rs.0.00, Win Rate: 0.0% [in C:\xampp\htdocs\application\app\automation\trading_bot.py:465]
2025-08-11 15:39:22,184 INFO: Updated bot status for user 2: running=True [in C:\xampp\htdocs\application\app\automation\trading_bot.py:648]
2025-08-11 15:41:20,659 INFO: Executing enhanced multi-strategy engine [in C:\xampp\htdocs\application\app\automation\trading_bot.py:218]
2025-08-11 15:41:20,793 INFO: Simulating paper fill for Order ID: 721 [in C:\xampp\htdocs\application\app\orders\manager.py:85]
2025-08-11 15:41:21,290 INFO: Paper Order 721 filled. Trade ID: 508 [in C:\xampp\htdocs\application\app\orders\manager.py:118]
2025-08-11 15:41:22,186 INFO: Executing enhanced multi-strategy engine [in C:\xampp\htdocs\application\app\automation\trading_bot.py:218]
2025-08-11 15:41:22,233 INFO: Simulating paper fill for Order ID: 722 [in C:\xampp\htdocs\application\app\orders\manager.py:85]
2025-08-11 15:41:22,716 INFO: Paper Order 722 filled. Trade ID: 509 [in C:\xampp\htdocs\application\app\orders\manager.py:118]
2025-08-11 15:41:23,375 INFO: Simulating paper fill for Order ID: 723 [in C:\xampp\htdocs\application\app\orders\manager.py:85]
2025-08-11 15:41:23,821 INFO: Paper Order 723 filled. Trade ID: 510 [in C:\xampp\htdocs\application\app\orders\manager.py:118]
2025-08-11 15:41:24,775 INFO: Simulating paper fill for Order ID: 724 [in C:\xampp\htdocs\application\app\orders\manager.py:85]
2025-08-11 15:41:25,221 INFO: Paper Order 724 filled. Trade ID: 511 [in C:\xampp\htdocs\application\app\orders\manager.py:118]
2025-08-11 15:41:25,955 INFO: Simulating paper fill for Order ID: 725 [in C:\xampp\htdocs\application\app\orders\manager.py:85]
2025-08-11 15:41:26,375 INFO: Paper Order 725 filled. Trade ID: 512 [in C:\xampp\htdocs\application\app\orders\manager.py:118]
2025-08-11 15:41:27,342 INFO: Simulating paper fill for Order ID: 726 [in C:\xampp\htdocs\application\app\orders\manager.py:85]
2025-08-11 15:41:27,749 INFO: Paper Order 726 filled. Trade ID: 513 [in C:\xampp\htdocs\application\app\orders\manager.py:118]
2025-08-11 15:41:28,410 INFO: Portfolio Update - Realized P&L: Rs.0.00, Unrealized P&L: Rs.0.00, Win Rate: 0.0% [in C:\xampp\htdocs\application\app\automation\trading_bot.py:465]
2025-08-11 15:41:28,434 INFO: Updated bot status for user 2: running=True [in C:\xampp\htdocs\application\app\automation\trading_bot.py:648]
2025-08-11 15:41:29,791 INFO: Portfolio Update - Realized P&L: Rs.0.00, Unrealized P&L: Rs.0.00, Win Rate: 0.0% [in C:\xampp\htdocs\application\app\automation\trading_bot.py:465]
2025-08-11 15:41:29,877 INFO: Updated bot status for user 2: running=True [in C:\xampp\htdocs\application\app\automation\trading_bot.py:648]
2025-08-11 15:41:58,150 INFO: Scheduler running for 0 active strategies. [in C:\xampp\htdocs\application\app\strategies\engine.py:128]
2025-08-11 15:42:01,569 INFO: Scheduler running for 0 active strategies. [in C:\xampp\htdocs\application\app\strategies\engine.py:128]
2025-08-11 15:43:28,437 INFO: Executing enhanced multi-strategy engine [in C:\xampp\htdocs\application\app\automation\trading_bot.py:218]
2025-08-11 15:43:28,542 INFO: Simulating paper fill for Order ID: 727 [in C:\xampp\htdocs\application\app\orders\manager.py:85]
2025-08-11 15:43:28,916 INFO: Paper Order 727 filled. Trade ID: 514 [in C:\xampp\htdocs\application\app\orders\manager.py:118]
2025-08-11 15:43:29,880 INFO: Executing enhanced multi-strategy engine [in C:\xampp\htdocs\application\app\automation\trading_bot.py:218]
2025-08-11 15:43:29,933 INFO: Simulating paper fill for Order ID: 728 [in C:\xampp\htdocs\application\app\orders\manager.py:85]
2025-08-11 15:43:30,302 INFO: Paper Order 728 filled. Trade ID: 515 [in C:\xampp\htdocs\application\app\orders\manager.py:118]
2025-08-11 15:43:31,050 INFO: Simulating paper fill for Order ID: 729 [in C:\xampp\htdocs\application\app\orders\manager.py:85]
2025-08-11 15:43:31,290 INFO: Paper Order 729 filled. Trade ID: 516 [in C:\xampp\htdocs\application\app\orders\manager.py:118]
2025-08-11 15:43:32,368 INFO: Simulating paper fill for Order ID: 730 [in C:\xampp\htdocs\application\app\orders\manager.py:85]
2025-08-11 15:43:32,588 INFO: Paper Order 730 filled. Trade ID: 517 [in C:\xampp\htdocs\application\app\orders\manager.py:118]
2025-08-11 15:43:33,554 INFO: Simulating paper fill for Order ID: 731 [in C:\xampp\htdocs\application\app\orders\manager.py:85]
2025-08-11 15:43:33,916 INFO: Paper Order 731 filled. Trade ID: 518 [in C:\xampp\htdocs\application\app\orders\manager.py:118]
2025-08-11 15:43:34,706 INFO: Simulating paper fill for Order ID: 732 [in C:\xampp\htdocs\application\app\orders\manager.py:85]
2025-08-11 15:43:35,100 INFO: Paper Order 732 filled. Trade ID: 519 [in C:\xampp\htdocs\application\app\orders\manager.py:118]
2025-08-11 15:43:35,959 INFO: Portfolio Update - Realized P&L: Rs.0.00, Unrealized P&L: Rs.0.00, Win Rate: 0.0% [in C:\xampp\htdocs\application\app\automation\trading_bot.py:465]
2025-08-11 15:43:36,052 INFO: Updated bot status for user 2: running=True [in C:\xampp\htdocs\application\app\automation\trading_bot.py:648]
2025-08-11 15:43:37,163 INFO: Portfolio Update - Realized P&L: Rs.0.00, Unrealized P&L: Rs.0.00, Win Rate: 0.0% [in C:\xampp\htdocs\application\app\automation\trading_bot.py:465]
2025-08-11 15:43:37,350 INFO: Updated bot status for user 2: running=True [in C:\xampp\htdocs\application\app\automation\trading_bot.py:648]
2025-08-11 15:45:36,054 INFO: Executing enhanced multi-strategy engine [in C:\xampp\htdocs\application\app\automation\trading_bot.py:218]
2025-08-11 15:45:36,157 INFO: Simulating paper fill for Order ID: 733 [in C:\xampp\htdocs\application\app\orders\manager.py:85]
2025-08-11 15:45:36,658 INFO: Paper Order 733 filled. Trade ID: 520 [in C:\xampp\htdocs\application\app\orders\manager.py:118]
2025-08-11 15:45:37,352 INFO: Executing enhanced multi-strategy engine [in C:\xampp\htdocs\application\app\automation\trading_bot.py:218]
2025-08-11 15:45:37,396 INFO: Simulating paper fill for Order ID: 734 [in C:\xampp\htdocs\application\app\orders\manager.py:85]
2025-08-11 15:45:37,876 INFO: Paper Order 734 filled. Trade ID: 521 [in C:\xampp\htdocs\application\app\orders\manager.py:118]
2025-08-11 15:45:38,765 INFO: Simulating paper fill for Order ID: 735 [in C:\xampp\htdocs\application\app\orders\manager.py:85]
2025-08-11 15:45:39,223 INFO: Paper Order 735 filled. Trade ID: 522 [in C:\xampp\htdocs\application\app\orders\manager.py:118]
2025-08-11 15:45:39,994 INFO: Simulating paper fill for Order ID: 736 [in C:\xampp\htdocs\application\app\orders\manager.py:85]
2025-08-11 15:45:40,449 INFO: Paper Order 736 filled. Trade ID: 523 [in C:\xampp\htdocs\application\app\orders\manager.py:118]
2025-08-11 15:45:41,302 INFO: Simulating paper fill for Order ID: 737 [in C:\xampp\htdocs\application\app\orders\manager.py:85]
2025-08-11 15:45:41,721 INFO: Paper Order 737 filled. Trade ID: 524 [in C:\xampp\htdocs\application\app\orders\manager.py:118]
2025-08-11 15:45:42,523 INFO: Simulating paper fill for Order ID: 738 [in C:\xampp\htdocs\application\app\orders\manager.py:85]
2025-08-11 15:45:43,096 INFO: Paper Order 738 filled. Trade ID: 525 [in C:\xampp\htdocs\application\app\orders\manager.py:118]
2025-08-11 15:45:43,770 INFO: Portfolio Update - Realized P&L: Rs.0.00, Unrealized P&L: Rs.0.00, Win Rate: 0.0% [in C:\xampp\htdocs\application\app\automation\trading_bot.py:465]
2025-08-11 15:45:43,965 INFO: Updated bot status for user 2: running=True [in C:\xampp\htdocs\application\app\automation\trading_bot.py:648]
2025-08-11 15:45:45,134 INFO: Portfolio Update - Realized P&L: Rs.0.00, Unrealized P&L: Rs.0.00, Win Rate: 0.0% [in C:\xampp\htdocs\application\app\automation\trading_bot.py:465]
2025-08-11 15:45:45,219 INFO: Updated bot status for user 2: running=True [in C:\xampp\htdocs\application\app\automation\trading_bot.py:648]
2025-08-11 15:46:58,152 INFO: Scheduler running for 0 active strategies. [in C:\xampp\htdocs\application\app\strategies\engine.py:128]
2025-08-11 15:47:01,565 INFO: Scheduler running for 0 active strategies. [in C:\xampp\htdocs\application\app\strategies\engine.py:128]
2025-08-11 15:47:43,976 INFO: Executing enhanced multi-strategy engine [in C:\xampp\htdocs\application\app\automation\trading_bot.py:218]
2025-08-11 15:47:44,124 INFO: Simulating paper fill for Order ID: 739 [in C:\xampp\htdocs\application\app\orders\manager.py:85]
2025-08-11 15:47:44,499 INFO: Paper Order 739 filled. Trade ID: 526 [in C:\xampp\htdocs\application\app\orders\manager.py:118]
2025-08-11 15:47:45,220 INFO: Executing enhanced multi-strategy engine [in C:\xampp\htdocs\application\app\automation\trading_bot.py:218]
2025-08-11 15:47:45,294 INFO: Simulating paper fill for Order ID: 740 [in C:\xampp\htdocs\application\app\orders\manager.py:85]
2025-08-11 15:47:45,652 INFO: Paper Order 740 filled. Trade ID: 527 [in C:\xampp\htdocs\application\app\orders\manager.py:118]
2025-08-11 15:47:46,692 INFO: Simulating paper fill for Order ID: 741 [in C:\xampp\htdocs\application\app\orders\manager.py:85]
2025-08-11 15:47:46,916 INFO: Paper Order 741 filled. Trade ID: 528 [in C:\xampp\htdocs\application\app\orders\manager.py:118]
2025-08-11 15:47:47,816 INFO: Simulating paper fill for Order ID: 742 [in C:\xampp\htdocs\application\app\orders\manager.py:85]
2025-08-11 15:47:48,069 INFO: Paper Order 742 filled. Trade ID: 529 [in C:\xampp\htdocs\application\app\orders\manager.py:118]
2025-08-11 15:47:49,031 INFO: Simulating paper fill for Order ID: 743 [in C:\xampp\htdocs\application\app\orders\manager.py:85]
2025-08-11 15:47:49,380 INFO: Paper Order 743 filled. Trade ID: 530 [in C:\xampp\htdocs\application\app\orders\manager.py:118]
2025-08-11 15:47:50,236 INFO: Simulating paper fill for Order ID: 744 [in C:\xampp\htdocs\application\app\orders\manager.py:85]
2025-08-11 15:47:50,623 INFO: Paper Order 744 filled. Trade ID: 531 [in C:\xampp\htdocs\application\app\orders\manager.py:118]
2025-08-11 15:47:51,413 INFO: Portfolio Update - Realized P&L: Rs.0.00, Unrealized P&L: Rs.0.00, Win Rate: 0.0% [in C:\xampp\htdocs\application\app\automation\trading_bot.py:465]
2025-08-11 15:47:51,797 INFO: Updated bot status for user 2: running=True [in C:\xampp\htdocs\application\app\automation\trading_bot.py:648]
2025-08-11 15:47:52,680 INFO: Portfolio Update - Realized P&L: Rs.0.00, Unrealized P&L: Rs.0.00, Win Rate: 0.0% [in C:\xampp\htdocs\application\app\automation\trading_bot.py:465]
2025-08-11 15:47:52,881 INFO: Updated bot status for user 2: running=True [in C:\xampp\htdocs\application\app\automation\trading_bot.py:648]
2025-08-11 15:49:51,799 INFO: Executing enhanced multi-strategy engine [in C:\xampp\htdocs\application\app\automation\trading_bot.py:218]
2025-08-11 15:49:51,905 INFO: Simulating paper fill for Order ID: 745 [in C:\xampp\htdocs\application\app\orders\manager.py:85]
2025-08-11 15:49:52,400 INFO: Paper Order 745 filled. Trade ID: 532 [in C:\xampp\htdocs\application\app\orders\manager.py:118]
2025-08-11 15:49:52,890 INFO: Executing enhanced multi-strategy engine [in C:\xampp\htdocs\application\app\automation\trading_bot.py:218]
2025-08-11 15:49:52,962 INFO: Simulating paper fill for Order ID: 746 [in C:\xampp\htdocs\application\app\orders\manager.py:85]
2025-08-11 15:49:53,465 INFO: Paper Order 746 filled. Trade ID: 533 [in C:\xampp\htdocs\application\app\orders\manager.py:118]
2025-08-11 15:49:54,466 INFO: Simulating paper fill for Order ID: 747 [in C:\xampp\htdocs\application\app\orders\manager.py:85]
2025-08-11 15:49:54,915 INFO: Paper Order 747 filled. Trade ID: 534 [in C:\xampp\htdocs\application\app\orders\manager.py:118]
2025-08-11 15:49:55,545 INFO: Simulating paper fill for Order ID: 748 [in C:\xampp\htdocs\application\app\orders\manager.py:85]
2025-08-11 15:49:55,999 INFO: Paper Order 748 filled. Trade ID: 535 [in C:\xampp\htdocs\application\app\orders\manager.py:118]
2025-08-11 15:49:57,013 INFO: Simulating paper fill for Order ID: 749 [in C:\xampp\htdocs\application\app\orders\manager.py:85]
2025-08-11 15:49:57,437 INFO: Paper Order 749 filled. Trade ID: 536 [in C:\xampp\htdocs\application\app\orders\manager.py:118]
2025-08-11 15:49:58,349 INFO: Simulating paper fill for Order ID: 750 [in C:\xampp\htdocs\application\app\orders\manager.py:85]
2025-08-11 15:49:58,795 INFO: Paper Order 750 filled. Trade ID: 537 [in C:\xampp\htdocs\application\app\orders\manager.py:118]
2025-08-11 15:49:59,478 INFO: Portfolio Update - Realized P&L: Rs.0.00, Unrealized P&L: Rs.0.00, Win Rate: 0.0% [in C:\xampp\htdocs\application\app\automation\trading_bot.py:465]
2025-08-11 15:49:59,520 INFO: Updated bot status for user 2: running=True [in C:\xampp\htdocs\application\app\automation\trading_bot.py:648]
2025-08-11 15:50:00,839 INFO: Portfolio Update - Realized P&L: Rs.0.00, Unrealized P&L: Rs.0.00, Win Rate: 0.0% [in C:\xampp\htdocs\application\app\automation\trading_bot.py:465]
2025-08-11 15:50:00,878 INFO: Updated bot status for user 2: running=True [in C:\xampp\htdocs\application\app\automation\trading_bot.py:648]
2025-08-11 15:51:58,159 INFO: Scheduler running for 0 active strategies. [in C:\xampp\htdocs\application\app\strategies\engine.py:128]
2025-08-11 15:51:59,521 INFO: Executing enhanced multi-strategy engine [in C:\xampp\htdocs\application\app\automation\trading_bot.py:218]
2025-08-11 15:51:59,622 INFO: Simulating paper fill for Order ID: 751 [in C:\xampp\htdocs\application\app\orders\manager.py:85]
2025-08-11 15:51:59,999 INFO: Paper Order 751 filled. Trade ID: 538 [in C:\xampp\htdocs\application\app\orders\manager.py:118]
2025-08-11 15:52:00,880 INFO: Executing enhanced multi-strategy engine [in C:\xampp\htdocs\application\app\automation\trading_bot.py:218]
2025-08-11 15:52:00,948 INFO: Simulating paper fill for Order ID: 752 [in C:\xampp\htdocs\application\app\orders\manager.py:85]
2025-08-11 15:52:01,305 INFO: Paper Order 752 filled. Trade ID: 539 [in C:\xampp\htdocs\application\app\orders\manager.py:118]
2025-08-11 15:52:01,566 INFO: Scheduler running for 0 active strategies. [in C:\xampp\htdocs\application\app\strategies\engine.py:128]
2025-08-11 15:52:02,270 INFO: Simulating paper fill for Order ID: 753 [in C:\xampp\htdocs\application\app\orders\manager.py:85]
2025-08-11 15:52:02,493 INFO: Paper Order 753 filled. Trade ID: 540 [in C:\xampp\htdocs\application\app\orders\manager.py:118]
2025-08-11 15:52:03,565 INFO: Simulating paper fill for Order ID: 754 [in C:\xampp\htdocs\application\app\orders\manager.py:85]
2025-08-11 15:52:03,769 INFO: Paper Order 754 filled. Trade ID: 541 [in C:\xampp\htdocs\application\app\orders\manager.py:118]
2025-08-11 15:52:04,576 INFO: Simulating paper fill for Order ID: 755 [in C:\xampp\htdocs\application\app\orders\manager.py:85]
2025-08-11 15:52:04,926 INFO: Paper Order 755 filled. Trade ID: 542 [in C:\xampp\htdocs\application\app\orders\manager.py:118]
2025-08-11 15:52:05,914 INFO: Simulating paper fill for Order ID: 756 [in C:\xampp\htdocs\application\app\orders\manager.py:85]
2025-08-11 15:52:06,287 INFO: Paper Order 756 filled. Trade ID: 543 [in C:\xampp\htdocs\application\app\orders\manager.py:118]
2025-08-11 15:52:06,969 INFO: Portfolio Update - Realized P&L: Rs.0.00, Unrealized P&L: Rs.0.00, Win Rate: 0.0% [in C:\xampp\htdocs\application\app\automation\trading_bot.py:465]
2025-08-11 15:52:06,986 INFO: Updated bot status for user 2: running=True [in C:\xampp\htdocs\application\app\automation\trading_bot.py:648]
2025-08-11 15:52:08,332 INFO: Portfolio Update - Realized P&L: Rs.0.00, Unrealized P&L: Rs.0.00, Win Rate: 0.0% [in C:\xampp\htdocs\application\app\automation\trading_bot.py:465]
2025-08-11 15:52:08,377 INFO: Updated bot status for user 2: running=True [in C:\xampp\htdocs\application\app\automation\trading_bot.py:648]
2025-08-11 15:54:06,988 INFO: Executing enhanced multi-strategy engine [in C:\xampp\htdocs\application\app\automation\trading_bot.py:218]
2025-08-11 15:54:07,132 INFO: Simulating paper fill for Order ID: 757 [in C:\xampp\htdocs\application\app\orders\manager.py:85]
2025-08-11 15:54:07,692 INFO: Paper Order 757 filled. Trade ID: 544 [in C:\xampp\htdocs\application\app\orders\manager.py:118]
2025-08-11 15:54:08,381 INFO: Executing enhanced multi-strategy engine [in C:\xampp\htdocs\application\app\automation\trading_bot.py:218]
2025-08-11 15:54:08,440 INFO: Simulating paper fill for Order ID: 758 [in C:\xampp\htdocs\application\app\orders\manager.py:85]
2025-08-11 15:54:09,062 INFO: Paper Order 758 filled. Trade ID: 545 [in C:\xampp\htdocs\application\app\orders\manager.py:118]
2025-08-11 15:54:09,780 INFO: Simulating paper fill for Order ID: 759 [in C:\xampp\htdocs\application\app\orders\manager.py:85]
2025-08-11 15:54:10,291 INFO: Paper Order 759 filled. Trade ID: 546 [in C:\xampp\htdocs\application\app\orders\manager.py:118]
2025-08-11 15:54:11,297 INFO: Simulating paper fill for Order ID: 760 [in C:\xampp\htdocs\application\app\orders\manager.py:85]
2025-08-11 15:54:11,909 INFO: Paper Order 760 filled. Trade ID: 547 [in C:\xampp\htdocs\application\app\orders\manager.py:118]
2025-08-11 15:54:12,415 INFO: Simulating paper fill for Order ID: 761 [in C:\xampp\htdocs\application\app\orders\manager.py:85]
2025-08-11 15:54:12,849 INFO: Paper Order 761 filled. Trade ID: 548 [in C:\xampp\htdocs\application\app\orders\manager.py:118]
2025-08-11 15:54:14,040 INFO: Simulating paper fill for Order ID: 762 [in C:\xampp\htdocs\application\app\orders\manager.py:85]
2025-08-11 15:54:14,593 INFO: Paper Order 762 filled. Trade ID: 549 [in C:\xampp\htdocs\application\app\orders\manager.py:118]
2025-08-11 15:54:14,906 INFO: Portfolio Update - Realized P&L: Rs.0.00, Unrealized P&L: Rs.0.00, Win Rate: 0.0% [in C:\xampp\htdocs\application\app\automation\trading_bot.py:465]
2025-08-11 15:54:14,951 INFO: Updated bot status for user 2: running=True [in C:\xampp\htdocs\application\app\automation\trading_bot.py:648]
2025-08-11 15:54:16,648 INFO: Portfolio Update - Realized P&L: Rs.0.00, Unrealized P&L: Rs.0.00, Win Rate: 0.0% [in C:\xampp\htdocs\application\app\automation\trading_bot.py:465]
2025-08-11 15:54:16,697 INFO: Updated bot status for user 2: running=True [in C:\xampp\htdocs\application\app\automation\trading_bot.py:648]
2025-08-11 15:56:14,953 INFO: Executing enhanced multi-strategy engine [in C:\xampp\htdocs\application\app\automation\trading_bot.py:218]
2025-08-11 15:56:15,091 INFO: Simulating paper fill for Order ID: 763 [in C:\xampp\htdocs\application\app\orders\manager.py:85]
2025-08-11 15:56:15,467 INFO: Paper Order 763 filled. Trade ID: 550 [in C:\xampp\htdocs\application\app\orders\manager.py:118]
2025-08-11 15:56:16,699 INFO: Executing enhanced multi-strategy engine [in C:\xampp\htdocs\application\app\automation\trading_bot.py:218]
2025-08-11 15:56:16,760 INFO: Simulating paper fill for Order ID: 764 [in C:\xampp\htdocs\application\app\orders\manager.py:85]
2025-08-11 15:56:17,122 INFO: Paper Order 764 filled. Trade ID: 551 [in C:\xampp\htdocs\application\app\orders\manager.py:118]
2025-08-11 15:56:17,584 INFO: Simulating paper fill for Order ID: 765 [in C:\xampp\htdocs\application\app\orders\manager.py:85]
2025-08-11 15:56:17,852 INFO: Paper Order 765 filled. Trade ID: 552 [in C:\xampp\htdocs\application\app\orders\manager.py:118]
2025-08-11 15:56:19,245 INFO: Simulating paper fill for Order ID: 766 [in C:\xampp\htdocs\application\app\orders\manager.py:85]
2025-08-11 15:56:19,454 INFO: Paper Order 766 filled. Trade ID: 553 [in C:\xampp\htdocs\application\app\orders\manager.py:118]
2025-08-11 15:56:20,045 INFO: Simulating paper fill for Order ID: 767 [in C:\xampp\htdocs\application\app\orders\manager.py:85]
2025-08-11 15:56:20,421 INFO: Paper Order 767 filled. Trade ID: 554 [in C:\xampp\htdocs\application\app\orders\manager.py:118]
2025-08-11 15:56:21,536 INFO: Simulating paper fill for Order ID: 768 [in C:\xampp\htdocs\application\app\orders\manager.py:85]
2025-08-11 15:56:21,905 INFO: Paper Order 768 filled. Trade ID: 555 [in C:\xampp\htdocs\application\app\orders\manager.py:118]
2025-08-11 15:56:22,459 INFO: Portfolio Update - Realized P&L: Rs.0.00, Unrealized P&L: Rs.0.00, Win Rate: 0.0% [in C:\xampp\htdocs\application\app\automation\trading_bot.py:465]
2025-08-11 15:56:22,486 INFO: Updated bot status for user 2: running=True [in C:\xampp\htdocs\application\app\automation\trading_bot.py:648]
2025-08-11 15:56:23,948 INFO: Portfolio Update - Realized P&L: Rs.0.00, Unrealized P&L: Rs.0.00, Win Rate: 0.0% [in C:\xampp\htdocs\application\app\automation\trading_bot.py:465]
2025-08-11 15:56:23,987 INFO: Updated bot status for user 2: running=True [in C:\xampp\htdocs\application\app\automation\trading_bot.py:648]
2025-08-11 15:56:58,171 INFO: Scheduler running for 0 active strategies. [in C:\xampp\htdocs\application\app\strategies\engine.py:128]
2025-08-11 15:57:01,569 INFO: Scheduler running for 0 active strategies. [in C:\xampp\htdocs\application\app\strategies\engine.py:128]
2025-08-11 15:58:22,488 INFO: Executing enhanced multi-strategy engine [in C:\xampp\htdocs\application\app\automation\trading_bot.py:218]
2025-08-11 15:58:22,594 INFO: Simulating paper fill for Order ID: 769 [in C:\xampp\htdocs\application\app\orders\manager.py:85]
2025-08-11 15:58:23,105 INFO: Paper Order 769 filled. Trade ID: 556 [in C:\xampp\htdocs\application\app\orders\manager.py:118]
2025-08-11 15:58:23,988 INFO: Executing enhanced multi-strategy engine [in C:\xampp\htdocs\application\app\automation\trading_bot.py:218]
2025-08-11 15:58:24,078 INFO: Simulating paper fill for Order ID: 770 [in C:\xampp\htdocs\application\app\orders\manager.py:85]
2025-08-11 15:58:24,642 INFO: Paper Order 770 filled. Trade ID: 557 [in C:\xampp\htdocs\application\app\orders\manager.py:118]
2025-08-11 15:58:25,269 INFO: Simulating paper fill for Order ID: 771 [in C:\xampp\htdocs\application\app\orders\manager.py:85]
2025-08-11 15:58:25,749 INFO: Paper Order 771 filled. Trade ID: 558 [in C:\xampp\htdocs\application\app\orders\manager.py:118]
2025-08-11 15:58:26,789 INFO: Simulating paper fill for Order ID: 772 [in C:\xampp\htdocs\application\app\orders\manager.py:85]
2025-08-11 15:58:27,255 INFO: Paper Order 772 filled. Trade ID: 559 [in C:\xampp\htdocs\application\app\orders\manager.py:118]
2025-08-11 15:58:27,885 INFO: Simulating paper fill for Order ID: 773 [in C:\xampp\htdocs\application\app\orders\manager.py:85]
2025-08-11 15:58:28,331 INFO: Paper Order 773 filled. Trade ID: 560 [in C:\xampp\htdocs\application\app\orders\manager.py:118]
2025-08-11 15:58:29,593 INFO: Simulating paper fill for Order ID: 774 [in C:\xampp\htdocs\application\app\orders\manager.py:85]
2025-08-11 15:58:30,031 INFO: Paper Order 774 filled. Trade ID: 561 [in C:\xampp\htdocs\application\app\orders\manager.py:118]
2025-08-11 15:58:30,401 INFO: Portfolio Update - Realized P&L: Rs.0.00, Unrealized P&L: Rs.0.00, Win Rate: 0.0% [in C:\xampp\htdocs\application\app\automation\trading_bot.py:465]
2025-08-11 15:58:30,459 INFO: Updated bot status for user 2: running=True [in C:\xampp\htdocs\application\app\automation\trading_bot.py:648]
2025-08-11 15:58:32,081 INFO: Portfolio Update - Realized P&L: Rs.0.00, Unrealized P&L: Rs.0.00, Win Rate: 0.0% [in C:\xampp\htdocs\application\app\automation\trading_bot.py:465]
2025-08-11 15:58:32,128 INFO: Updated bot status for user 2: running=True [in C:\xampp\htdocs\application\app\automation\trading_bot.py:648]
2025-08-11 16:00:30,462 INFO: Outside trading hours, sleeping... [in C:\xampp\htdocs\application\app\automation\trading_bot.py:190]
2025-08-11 16:00:32,131 INFO: Outside trading hours, sleeping... [in C:\xampp\htdocs\application\app\automation\trading_bot.py:190]
2025-08-11 16:01:58,152 INFO: Scheduler running for 0 active strategies. [in C:\xampp\htdocs\application\app\strategies\engine.py:128]
2025-08-11 16:02:01,565 INFO: Scheduler running for 0 active strategies. [in C:\xampp\htdocs\application\app\strategies\engine.py:128]
2025-08-11 16:05:30,465 INFO: Outside trading hours, sleeping... [in C:\xampp\htdocs\application\app\automation\trading_bot.py:190]
2025-08-11 16:05:32,134 INFO: Outside trading hours, sleeping... [in C:\xampp\htdocs\application\app\automation\trading_bot.py:190]
2025-08-11 16:06:58,168 INFO: Scheduler running for 0 active strategies. [in C:\xampp\htdocs\application\app\strategies\engine.py:128]
2025-08-11 16:07:01,565 INFO: Scheduler running for 0 active strategies. [in C:\xampp\htdocs\application\app\strategies\engine.py:128]
2025-08-11 16:10:30,467 INFO: Outside trading hours, sleeping... [in C:\xampp\htdocs\application\app\automation\trading_bot.py:190]
2025-08-11 16:10:32,136 INFO: Outside trading hours, sleeping... [in C:\xampp\htdocs\application\app\automation\trading_bot.py:190]
2025-08-11 16:11:58,149 INFO: Scheduler running for 0 active strategies. [in C:\xampp\htdocs\application\app\strategies\engine.py:128]
2025-08-11 16:12:01,566 INFO: Scheduler running for 0 active strategies. [in C:\xampp\htdocs\application\app\strategies\engine.py:128]
2025-08-11 16:15:30,469 INFO: Outside trading hours, sleeping... [in C:\xampp\htdocs\application\app\automation\trading_bot.py:190]
2025-08-11 16:15:32,139 INFO: Outside trading hours, sleeping... [in C:\xampp\htdocs\application\app\automation\trading_bot.py:190]
2025-08-11 16:16:58,149 INFO: Scheduler running for 0 active strategies. [in C:\xampp\htdocs\application\app\strategies\engine.py:128]
2025-08-11 16:17:01,568 INFO: Scheduler running for 0 active strategies. [in C:\xampp\htdocs\application\app\strategies\engine.py:128]
2025-08-11 16:20:30,471 INFO: Outside trading hours, sleeping... [in C:\xampp\htdocs\application\app\automation\trading_bot.py:190]
2025-08-11 16:20:32,142 INFO: Outside trading hours, sleeping... [in C:\xampp\htdocs\application\app\automation\trading_bot.py:190]
2025-08-11 16:21:58,150 INFO: Scheduler running for 0 active strategies. [in C:\xampp\htdocs\application\app\strategies\engine.py:128]
2025-08-11 16:22:01,569 INFO: Scheduler running for 0 active strategies. [in C:\xampp\htdocs\application\app\strategies\engine.py:128]
2025-08-11 16:25:30,472 INFO: Outside trading hours, sleeping... [in C:\xampp\htdocs\application\app\automation\trading_bot.py:190]
2025-08-11 16:25:32,145 INFO: Outside trading hours, sleeping... [in C:\xampp\htdocs\application\app\automation\trading_bot.py:190]
2025-08-11 16:26:58,149 INFO: Scheduler running for 0 active strategies. [in C:\xampp\htdocs\application\app\strategies\engine.py:128]
2025-08-11 16:27:01,567 INFO: Scheduler running for 0 active strategies. [in C:\xampp\htdocs\application\app\strategies\engine.py:128]
2025-08-11 16:30:30,474 INFO: Outside trading hours, sleeping... [in C:\xampp\htdocs\application\app\automation\trading_bot.py:190]
2025-08-11 16:30:32,147 INFO: Outside trading hours, sleeping... [in C:\xampp\htdocs\application\app\automation\trading_bot.py:190]
2025-08-11 16:31:58,150 INFO: Scheduler running for 0 active strategies. [in C:\xampp\htdocs\application\app\strategies\engine.py:128]
2025-08-11 16:32:01,567 INFO: Scheduler running for 0 active strategies. [in C:\xampp\htdocs\application\app\strategies\engine.py:128]
2025-08-11 16:35:30,476 INFO: Outside trading hours, sleeping... [in C:\xampp\htdocs\application\app\automation\trading_bot.py:190]
2025-08-11 16:35:32,188 INFO: Outside trading hours, sleeping... [in C:\xampp\htdocs\application\app\automation\trading_bot.py:190]
2025-08-11 16:36:58,165 INFO: Scheduler running for 0 active strategies. [in C:\xampp\htdocs\application\app\strategies\engine.py:128]
2025-08-11 16:37:01,564 INFO: Scheduler running for 0 active strategies. [in C:\xampp\htdocs\application\app\strategies\engine.py:128]
2025-08-11 16:40:30,479 INFO: Outside trading hours, sleeping... [in C:\xampp\htdocs\application\app\automation\trading_bot.py:190]
2025-08-11 16:40:32,190 INFO: Outside trading hours, sleeping... [in C:\xampp\htdocs\application\app\automation\trading_bot.py:190]
2025-08-11 16:41:58,166 INFO: Scheduler running for 0 active strategies. [in C:\xampp\htdocs\application\app\strategies\engine.py:128]
2025-08-11 16:42:01,566 INFO: Scheduler running for 0 active strategies. [in C:\xampp\htdocs\application\app\strategies\engine.py:128]
2025-08-11 16:45:30,480 INFO: Outside trading hours, sleeping... [in C:\xampp\htdocs\application\app\automation\trading_bot.py:190]
2025-08-11 16:45:32,193 INFO: Outside trading hours, sleeping... [in C:\xampp\htdocs\application\app\automation\trading_bot.py:190]
2025-08-11 16:46:58,165 INFO: Scheduler running for 0 active strategies. [in C:\xampp\htdocs\application\app\strategies\engine.py:128]
2025-08-11 16:47:01,565 INFO: Scheduler running for 0 active strategies. [in C:\xampp\htdocs\application\app\strategies\engine.py:128]
2025-08-11 16:50:30,483 INFO: Outside trading hours, sleeping... [in C:\xampp\htdocs\application\app\automation\trading_bot.py:190]
2025-08-11 16:50:32,196 INFO: Outside trading hours, sleeping... [in C:\xampp\htdocs\application\app\automation\trading_bot.py:190]
2025-08-11 16:51:58,151 INFO: Scheduler running for 0 active strategies. [in C:\xampp\htdocs\application\app\strategies\engine.py:128]
2025-08-11 16:52:01,569 INFO: Scheduler running for 0 active strategies. [in C:\xampp\htdocs\application\app\strategies\engine.py:128]
2025-08-11 16:55:30,486 INFO: Outside trading hours, sleeping... [in C:\xampp\htdocs\application\app\automation\trading_bot.py:190]
2025-08-11 16:55:32,198 INFO: Outside trading hours, sleeping... [in C:\xampp\htdocs\application\app\automation\trading_bot.py:190]
2025-08-11 16:56:58,149 INFO: Scheduler running for 0 active strategies. [in C:\xampp\htdocs\application\app\strategies\engine.py:128]
2025-08-11 16:57:01,565 INFO: Scheduler running for 0 active strategies. [in C:\xampp\htdocs\application\app\strategies\engine.py:128]
2025-08-11 17:00:30,489 INFO: Outside trading hours, sleeping... [in C:\xampp\htdocs\application\app\automation\trading_bot.py:190]
2025-08-11 17:00:32,201 INFO: Outside trading hours, sleeping... [in C:\xampp\htdocs\application\app\automation\trading_bot.py:190]
2025-08-11 17:01:58,154 INFO: Scheduler running for 0 active strategies. [in C:\xampp\htdocs\application\app\strategies\engine.py:128]
2025-08-11 17:02:01,566 INFO: Scheduler running for 0 active strategies. [in C:\xampp\htdocs\application\app\strategies\engine.py:128]
2025-08-11 17:05:30,492 INFO: Outside trading hours, sleeping... [in C:\xampp\htdocs\application\app\automation\trading_bot.py:190]
2025-08-11 17:05:32,204 INFO: Outside trading hours, sleeping... [in C:\xampp\htdocs\application\app\automation\trading_bot.py:190]
2025-08-11 17:06:58,165 INFO: Scheduler running for 0 active strategies. [in C:\xampp\htdocs\application\app\strategies\engine.py:128]
2025-08-11 17:07:01,569 INFO: Scheduler running for 0 active strategies. [in C:\xampp\htdocs\application\app\strategies\engine.py:128]
2025-08-11 17:10:30,495 INFO: Outside trading hours, sleeping... [in C:\xampp\htdocs\application\app\automation\trading_bot.py:190]
2025-08-11 17:10:32,205 INFO: Outside trading hours, sleeping... [in C:\xampp\htdocs\application\app\automation\trading_bot.py:190]
2025-08-11 17:11:58,150 INFO: Scheduler running for 0 active strategies. [in C:\xampp\htdocs\application\app\strategies\engine.py:128]
2025-08-11 17:12:01,565 INFO: Scheduler running for 0 active strategies. [in C:\xampp\htdocs\application\app\strategies\engine.py:128]
2025-08-11 17:15:30,496 INFO: Outside trading hours, sleeping... [in C:\xampp\htdocs\application\app\automation\trading_bot.py:190]
2025-08-11 17:15:32,208 INFO: Outside trading hours, sleeping... [in C:\xampp\htdocs\application\app\automation\trading_bot.py:190]
2025-08-11 17:16:58,165 INFO: Scheduler running for 0 active strategies. [in C:\xampp\htdocs\application\app\strategies\engine.py:128]
2025-08-11 17:17:01,568 INFO: Scheduler running for 0 active strategies. [in C:\xampp\htdocs\application\app\strategies\engine.py:128]
2025-08-11 17:20:30,497 INFO: Outside trading hours, sleeping... [in C:\xampp\htdocs\application\app\automation\trading_bot.py:190]
2025-08-11 17:20:32,211 INFO: Outside trading hours, sleeping... [in C:\xampp\htdocs\application\app\automation\trading_bot.py:190]
2025-08-11 17:21:58,167 INFO: Scheduler running for 0 active strategies. [in C:\xampp\htdocs\application\app\strategies\engine.py:128]
2025-08-11 17:22:01,569 INFO: Scheduler running for 0 active strategies. [in C:\xampp\htdocs\application\app\strategies\engine.py:128]
2025-08-11 17:25:30,500 INFO: Outside trading hours, sleeping... [in C:\xampp\htdocs\application\app\automation\trading_bot.py:190]
2025-08-11 17:25:32,213 INFO: Outside trading hours, sleeping... [in C:\xampp\htdocs\application\app\automation\trading_bot.py:190]
2025-08-11 17:26:58,165 INFO: Scheduler running for 0 active strategies. [in C:\xampp\htdocs\application\app\strategies\engine.py:128]
2025-08-11 17:27:01,569 INFO: Scheduler running for 0 active strategies. [in C:\xampp\htdocs\application\app\strategies\engine.py:128]
2025-08-11 17:30:30,502 INFO: Outside trading hours, sleeping... [in C:\xampp\htdocs\application\app\automation\trading_bot.py:190]
2025-08-11 17:30:32,216 INFO: Outside trading hours, sleeping... [in C:\xampp\htdocs\application\app\automation\trading_bot.py:190]
2025-08-11 17:31:58,150 INFO: Scheduler running for 0 active strategies. [in C:\xampp\htdocs\application\app\strategies\engine.py:128]
2025-08-11 17:32:01,566 INFO: Scheduler running for 0 active strategies. [in C:\xampp\htdocs\application\app\strategies\engine.py:128]
2025-08-11 17:35:30,503 INFO: Outside trading hours, sleeping... [in C:\xampp\htdocs\application\app\automation\trading_bot.py:190]
2025-08-11 17:35:32,219 INFO: Outside trading hours, sleeping... [in C:\xampp\htdocs\application\app\automation\trading_bot.py:190]
2025-08-11 17:36:58,149 INFO: Scheduler running for 0 active strategies. [in C:\xampp\htdocs\application\app\strategies\engine.py:128]
2025-08-11 17:37:01,565 INFO: Scheduler running for 0 active strategies. [in C:\xampp\htdocs\application\app\strategies\engine.py:128]
2025-08-11 17:40:30,505 INFO: Outside trading hours, sleeping... [in C:\xampp\htdocs\application\app\automation\trading_bot.py:190]
2025-08-11 17:40:32,222 INFO: Outside trading hours, sleeping... [in C:\xampp\htdocs\application\app\automation\trading_bot.py:190]
2025-08-11 17:41:58,149 INFO: Scheduler running for 0 active strategies. [in C:\xampp\htdocs\application\app\strategies\engine.py:128]
2025-08-11 17:42:01,566 INFO: Scheduler running for 0 active strategies. [in C:\xampp\htdocs\application\app\strategies\engine.py:128]
2025-08-11 17:45:30,506 INFO: Outside trading hours, sleeping... [in C:\xampp\htdocs\application\app\automation\trading_bot.py:190]
2025-08-11 17:45:32,225 INFO: Outside trading hours, sleeping... [in C:\xampp\htdocs\application\app\automation\trading_bot.py:190]
2025-08-11 17:46:58,181 INFO: Scheduler running for 0 active strategies. [in C:\xampp\htdocs\application\app\strategies\engine.py:128]
2025-08-11 17:47:01,568 INFO: Scheduler running for 0 active strategies. [in C:\xampp\htdocs\application\app\strategies\engine.py:128]
2025-08-11 17:47:43,209 INFO: Debug logging enabled, writing to file. [in C:\xampp\htdocs\application\app\utils\logger.py:27]
2025-08-11 17:47:43,209 INFO: Trading Bot application starting up... [in C:\xampp\htdocs\application\app\__init__.py:43]
2025-08-11 17:47:55,961 INFO: Scheduler started - strategies will run every 5 minutes. [in C:\xampp\htdocs\application\app\__init__.py:92]
2025-08-11 17:47:56,037 INFO: Restoring running stock bot for user 2 [in C:\xampp\htdocs\application\app\automation\bot_manager.py:47]
2025-08-11 17:47:56,058 INFO: Initialized comprehensive strategy engine with 20 symbols [in C:\xampp\htdocs\application\app\automation\trading_bot.py:174]
2025-08-11 17:47:56,111 INFO: Synced trade count for user 2: 561 trades [in C:\xampp\htdocs\application\app\automation\trading_bot.py:684]
2025-08-11 17:47:56,151 INFO: Updated bot status for user 2: running=True [in C:\xampp\htdocs\application\app\automation\trading_bot.py:648]
2025-08-11 17:47:56,151 INFO: Starting automated trading loop [in C:\xampp\htdocs\application\app\automation\trading_bot.py:180]
2025-08-11 17:47:56,151 INFO: Automated trading started for user 2 [in C:\xampp\htdocs\application\app\automation\trading_bot.py:113]
2025-08-11 17:47:56,153 INFO: Outside trading hours, sleeping... [in C:\xampp\htdocs\application\app\automation\trading_bot.py:190]
2025-08-11 17:47:56,153 INFO: Created new stock bot instance for user 2 [in C:\xampp\htdocs\application\app\automation\bot_manager.py:65]
2025-08-11 17:47:56,156 INFO: Restored stock bot for user 2 [in C:\xampp\htdocs\application\app\automation\bot_manager.py:141]
2025-08-11 17:47:56,160 INFO: Restoring running stock bot for user 1 [in C:\xampp\htdocs\application\app\automation\bot_manager.py:47]
2025-08-11 17:47:56,160 INFO: Created new stock bot instance for user 1 [in C:\xampp\htdocs\application\app\automation\bot_manager.py:65]
2025-08-11 17:47:56,161 INFO: Bot manager initialized and active bots restored. [in C:\xampp\htdocs\application\app\__init__.py:101]
2025-08-11 17:47:56,162 INFO: Started bot heartbeat monitor [in C:\xampp\htdocs\application\app\automation\bot_manager.py:243]
2025-08-11 17:47:56,162 INFO: Bot manager initialization completed. [in C:\xampp\htdocs\application\app\__init__.py:112]
2025-08-11 17:47:57,418 ERROR: Dashboard error for user 2: 'balance' is undefined [in C:\xampp\htdocs\application\app\user\routes.py:73]
2025-08-11 17:48:00,672 ERROR: Dashboard error for user 2: 'balance' is undefined [in C:\xampp\htdocs\application\app\user\routes.py:73]
2025-08-11 17:48:03,402 ERROR: Dashboard error for user 2: 'balance' is undefined [in C:\xampp\htdocs\application\app\user\routes.py:73]
2025-08-11 17:48:06,351 INFO: Binance adapter initialized in forced paper trading mode [in C:\xampp\htdocs\application\app\exchange_adapter\binance_adapter.py:52]
2025-08-11 17:48:06,352 INFO: Created new crypto bot instance for user 2 [in C:\xampp\htdocs\application\app\automation\bot_manager.py:65]
2025-08-11 17:48:11,704 WARNING: Bot status mismatch for user 2, syncing... [in C:\xampp\htdocs\application\app\automation\trading_bot.py:556]
2025-08-11 17:48:11,704 INFO: Synced trade count for user 2: 561 trades [in C:\xampp\htdocs\application\app\automation\trading_bot.py:684]
2025-08-11 17:48:11,849 INFO: Updated bot status for user 2: running=False [in C:\xampp\htdocs\application\app\automation\trading_bot.py:648]
2025-08-11 17:48:13,424 WARNING: Bot was stopped externally for user 2 [in C:\xampp\htdocs\application\app\automation\trading_bot.py:576]
2025-08-11 17:48:16,865 INFO: Automated trading stopped for user 2 [in C:\xampp\htdocs\application\app\automation\trading_bot.py:143]
2025-08-11 17:50:30,507 INFO: Outside trading hours, sleeping... [in C:\xampp\htdocs\application\app\automation\trading_bot.py:190]
2025-08-11 17:51:58,149 INFO: Scheduler running for 0 active strategies. [in C:\xampp\htdocs\application\app\strategies\engine.py:128]
2025-08-11 17:52:55,971 INFO: Scheduler running for 0 active strategies. [in C:\xampp\htdocs\application\app\strategies\engine.py:128]
2025-08-11 17:55:30,509 INFO: Outside trading hours, sleeping... [in C:\xampp\htdocs\application\app\automation\trading_bot.py:190]
2025-08-11 17:56:58,149 INFO: Scheduler running for 0 active strategies. [in C:\xampp\htdocs\application\app\strategies\engine.py:128]
2025-08-11 17:57:55,966 INFO: Scheduler running for 0 active strategies. [in C:\xampp\htdocs\application\app\strategies\engine.py:128]
2025-08-11 18:00:30,512 INFO: Outside trading hours, sleeping... [in C:\xampp\htdocs\application\app\automation\trading_bot.py:190]
2025-08-11 18:01:58,165 INFO: Scheduler running for 0 active strategies. [in C:\xampp\htdocs\application\app\strategies\engine.py:128]
2025-08-11 18:02:55,965 INFO: Scheduler running for 0 active strategies. [in C:\xampp\htdocs\application\app\strategies\engine.py:128]
2025-08-11 18:05:30,513 INFO: Outside trading hours, sleeping... [in C:\xampp\htdocs\application\app\automation\trading_bot.py:190]
2025-08-11 18:06:58,149 INFO: Scheduler running for 0 active strategies. [in C:\xampp\htdocs\application\app\strategies\engine.py:128]
2025-08-11 18:07:55,968 INFO: Scheduler running for 0 active strategies. [in C:\xampp\htdocs\application\app\strategies\engine.py:128]
2025-08-11 18:10:30,514 INFO: Outside trading hours, sleeping... [in C:\xampp\htdocs\application\app\automation\trading_bot.py:190]
2025-08-11 18:11:58,149 INFO: Scheduler running for 0 active strategies. [in C:\xampp\htdocs\application\app\strategies\engine.py:128]
2025-08-11 18:12:55,978 INFO: Scheduler running for 0 active strategies. [in C:\xampp\htdocs\application\app\strategies\engine.py:128]
2025-08-11 18:15:30,516 INFO: Outside trading hours, sleeping... [in C:\xampp\htdocs\application\app\automation\trading_bot.py:190]
2025-08-11 18:16:58,151 INFO: Scheduler running for 0 active strategies. [in C:\xampp\htdocs\application\app\strategies\engine.py:128]
2025-08-11 18:17:55,965 INFO: Scheduler running for 0 active strategies. [in C:\xampp\htdocs\application\app\strategies\engine.py:128]
2025-08-11 18:20:30,518 INFO: Outside trading hours, sleeping... [in C:\xampp\htdocs\application\app\automation\trading_bot.py:190]
2025-08-11 18:21:58,149 INFO: Scheduler running for 0 active strategies. [in C:\xampp\htdocs\application\app\strategies\engine.py:128]
2025-08-11 18:22:55,969 INFO: Scheduler running for 0 active strategies. [in C:\xampp\htdocs\application\app\strategies\engine.py:128]
2025-08-11 18:25:30,521 INFO: Outside trading hours, sleeping... [in C:\xampp\htdocs\application\app\automation\trading_bot.py:190]
2025-08-11 18:26:58,149 INFO: Scheduler running for 0 active strategies. [in C:\xampp\htdocs\application\app\strategies\engine.py:128]
2025-08-11 18:27:55,966 INFO: Scheduler running for 0 active strategies. [in C:\xampp\htdocs\application\app\strategies\engine.py:128]
2025-08-11 18:30:30,524 INFO: Outside trading hours, sleeping... [in C:\xampp\htdocs\application\app\automation\trading_bot.py:190]
2025-08-11 18:31:58,149 INFO: Scheduler running for 0 active strategies. [in C:\xampp\htdocs\application\app\strategies\engine.py:128]
2025-08-11 18:32:55,966 INFO: Scheduler running for 0 active strategies. [in C:\xampp\htdocs\application\app\strategies\engine.py:128]
2025-08-11 18:35:30,525 INFO: Outside trading hours, sleeping... [in C:\xampp\htdocs\application\app\automation\trading_bot.py:190]
2025-08-11 18:36:58,149 INFO: Scheduler running for 0 active strategies. [in C:\xampp\htdocs\application\app\strategies\engine.py:128]
2025-08-11 18:37:55,971 INFO: Scheduler running for 0 active strategies. [in C:\xampp\htdocs\application\app\strategies\engine.py:128]
2025-08-11 18:40:30,528 INFO: Outside trading hours, sleeping... [in C:\xampp\htdocs\application\app\automation\trading_bot.py:190]
2025-08-11 18:41:58,153 INFO: Scheduler running for 0 active strategies. [in C:\xampp\htdocs\application\app\strategies\engine.py:128]
2025-08-11 18:42:55,965 INFO: Scheduler running for 0 active strategies. [in C:\xampp\htdocs\application\app\strategies\engine.py:128]
2025-08-11 18:45:30,530 INFO: Outside trading hours, sleeping... [in C:\xampp\htdocs\application\app\automation\trading_bot.py:190]
2025-08-11 18:46:58,149 INFO: Scheduler running for 0 active strategies. [in C:\xampp\htdocs\application\app\strategies\engine.py:128]
2025-08-11 18:47:55,974 INFO: Scheduler running for 0 active strategies. [in C:\xampp\htdocs\application\app\strategies\engine.py:128]
2025-08-11 18:50:30,533 INFO: Outside trading hours, sleeping... [in C:\xampp\htdocs\application\app\automation\trading_bot.py:190]
2025-08-11 18:51:58,165 INFO: Scheduler running for 0 active strategies. [in C:\xampp\htdocs\application\app\strategies\engine.py:128]
2025-08-11 18:52:55,965 INFO: Scheduler running for 0 active strategies. [in C:\xampp\htdocs\application\app\strategies\engine.py:128]
2025-08-11 18:55:30,535 INFO: Outside trading hours, sleeping... [in C:\xampp\htdocs\application\app\automation\trading_bot.py:190]
2025-08-11 18:56:58,150 INFO: Scheduler running for 0 active strategies. [in C:\xampp\htdocs\application\app\strategies\engine.py:128]
2025-08-11 18:57:55,968 INFO: Scheduler running for 0 active strategies. [in C:\xampp\htdocs\application\app\strategies\engine.py:128]
2025-08-11 19:00:30,537 INFO: Outside trading hours, sleeping... [in C:\xampp\htdocs\application\app\automation\trading_bot.py:190]
2025-08-11 19:01:58,150 INFO: Scheduler running for 0 active strategies. [in C:\xampp\htdocs\application\app\strategies\engine.py:128]
2025-08-11 19:02:55,968 INFO: Scheduler running for 0 active strategies. [in C:\xampp\htdocs\application\app\strategies\engine.py:128]
2025-08-11 19:05:30,540 INFO: Outside trading hours, sleeping... [in C:\xampp\htdocs\application\app\automation\trading_bot.py:190]
2025-08-11 19:06:58,147 INFO: Scheduler running for 0 active strategies. [in C:\xampp\htdocs\application\app\strategies\engine.py:128]
2025-08-11 19:07:55,966 INFO: Scheduler running for 0 active strategies. [in C:\xampp\htdocs\application\app\strategies\engine.py:128]
2025-08-11 19:10:30,541 INFO: Outside trading hours, sleeping... [in C:\xampp\htdocs\application\app\automation\trading_bot.py:190]
2025-08-11 19:11:58,149 INFO: Scheduler running for 0 active strategies. [in C:\xampp\htdocs\application\app\strategies\engine.py:128]
2025-08-11 19:12:55,965 INFO: Scheduler running for 0 active strategies. [in C:\xampp\htdocs\application\app\strategies\engine.py:128]
2025-08-11 19:15:30,544 INFO: Outside trading hours, sleeping... [in C:\xampp\htdocs\application\app\automation\trading_bot.py:190]
2025-08-11 19:16:58,165 INFO: Scheduler running for 0 active strategies. [in C:\xampp\htdocs\application\app\strategies\engine.py:128]
2025-08-11 19:17:55,970 INFO: Scheduler running for 0 active strategies. [in C:\xampp\htdocs\application\app\strategies\engine.py:128]
2025-08-11 19:20:30,547 INFO: Outside trading hours, sleeping... [in C:\xampp\htdocs\application\app\automation\trading_bot.py:190]
2025-08-11 19:21:58,165 INFO: Scheduler running for 0 active strategies. [in C:\xampp\htdocs\application\app\strategies\engine.py:128]
2025-08-11 19:22:55,966 INFO: Scheduler running for 0 active strategies. [in C:\xampp\htdocs\application\app\strategies\engine.py:128]
2025-08-11 19:25:30,549 INFO: Outside trading hours, sleeping... [in C:\xampp\htdocs\application\app\automation\trading_bot.py:190]
2025-08-11 19:26:58,150 INFO: Scheduler running for 0 active strategies. [in C:\xampp\htdocs\application\app\strategies\engine.py:128]
2025-08-11 19:27:55,965 INFO: Scheduler running for 0 active strategies. [in C:\xampp\htdocs\application\app\strategies\engine.py:128]
2025-08-11 19:30:30,553 INFO: Outside trading hours, sleeping... [in C:\xampp\htdocs\application\app\automation\trading_bot.py:190]
2025-08-11 19:31:58,154 INFO: Scheduler running for 0 active strategies. [in C:\xampp\htdocs\application\app\strategies\engine.py:128]
2025-08-11 19:32:55,970 INFO: Scheduler running for 0 active strategies. [in C:\xampp\htdocs\application\app\strategies\engine.py:128]
2025-08-11 19:35:30,555 INFO: Outside trading hours, sleeping... [in C:\xampp\htdocs\application\app\automation\trading_bot.py:190]
2025-08-11 19:36:58,149 INFO: Scheduler running for 0 active strategies. [in C:\xampp\htdocs\application\app\strategies\engine.py:128]
2025-08-11 19:37:55,966 INFO: Scheduler running for 0 active strategies. [in C:\xampp\htdocs\application\app\strategies\engine.py:128]
2025-08-11 19:40:30,557 INFO: Outside trading hours, sleeping... [in C:\xampp\htdocs\application\app\automation\trading_bot.py:190]
2025-08-11 19:41:58,149 INFO: Scheduler running for 0 active strategies. [in C:\xampp\htdocs\application\app\strategies\engine.py:128]
2025-08-11 19:42:55,965 INFO: Scheduler running for 0 active strategies. [in C:\xampp\htdocs\application\app\strategies\engine.py:128]
2025-08-11 19:45:30,560 INFO: Outside trading hours, sleeping... [in C:\xampp\htdocs\application\app\automation\trading_bot.py:190]
2025-08-11 19:46:58,147 INFO: Scheduler running for 0 active strategies. [in C:\xampp\htdocs\application\app\strategies\engine.py:128]
2025-08-11 19:47:55,968 INFO: Scheduler running for 0 active strategies. [in C:\xampp\htdocs\application\app\strategies\engine.py:128]
